2024-12-14 09:19:30,305 - INFO - 本应用基于t.weather.sojson.com的天气API
2024-12-14 09:19:30,306 - INFO - 正在加载城市代码文件: /Users/fangjiachen/PycharmProjects/weather/city_code/2019-03-13-city_code.json
2024-12-14 09:19:30,307 - INFO - 城市代码加载成功
2024-12-14 09:19:33,224 - INFO - 用户选择的城市: 海淀 - 北京
2024-12-14 09:19:33,224 - INFO - 正在获取城市代码 101010200 的天气信息
2024-12-14 09:19:33,224 - INFO - 正在加载本地缓存文件: 海淀
2024-12-14 09:19:33,225 - INFO - 本地缓存文件加载成功: cache/海淀-2024-12-14T09:17:15.462707.json
2024-12-14 09:19:33,225 - INFO - 使用本地缓存数据: 101010200
2024-12-14 09:19:33,225 - INFO - 天气信息已显示
2024-12-14 09:19:44,154 - INFO - 用户选择的城市: 曹妃甸 - 河北
2024-12-14 09:19:44,154 - INFO - 正在获取城市代码 101090512 的天气信息
2024-12-14 09:19:44,154 - INFO - 正在加载本地缓存文件: 曹妃甸
2024-12-14 09:19:44,155 - INFO - 没有找到有效的本地缓存文件
2024-12-14 09:19:44,407 - INFO - 缓存数据已保存到文件: cache/曹妃甸-2024-12-14T09:19:44.405526.json
2024-12-14 09:19:44,407 - INFO - 成功获取并缓存天气数据: 101090512
2024-12-14 09:19:51,714 - INFO - 用户选择的城市: 曹妃甸 - 河北
2024-12-14 09:19:51,714 - INFO - 正在获取城市代码 101090512 的天气信息
2024-12-14 09:19:51,714 - INFO - 正在加载本地缓存文件: 曹妃甸
2024-12-14 09:19:51,714 - INFO - 本地缓存文件加载成功: cache/曹妃甸-2024-12-14T09:19:44.405526.json
2024-12-14 09:19:51,714 - INFO - 使用本地缓存数据: 101090512
